[0m[[0minfo[0m] [0m[32mPostgreSQLAsyncJournalSpec:[0m[0m
[0m[[0minfo[0m] [0m[32mA journal[0m[0m
[0m[[0minfo[0m] [0m[31mException encountered when attempting to run a suite with class name: akka.persistence.journal.sqlasync.PostgreSQLAsyncJournalSpec *** ABORTED *** (463 milliseconds)[0m[0m
[0m[[0minfo[0m] [0m[31m  java.lang.AssertionError: assertion failed: expected WriteMessagesSuccessful, found WriteMessagesFailed(java.lang.IllegalStateException: asyncWriteMessages returned invalid number of results. Expected [4], but got [5])[0m[0m
[0m[[0minfo[0m] [0m[31m  at scala.Predef$.assert(Predef.scala:165)[0m[0m
[0m[[0minfo[0m] [0m[31m  at akka.testkit.TestKitBase$class.expectMsg_internal(TestKit.scala:351)[0m[0m
[0m[[0minfo[0m] [0m[31m  at akka.testkit.TestKitBase$class.expectMsg(TestKit.scala:327)[0m[0m
[0m[[0minfo[0m] [0m[31m  at akka.testkit.TestKit.expectMsg(TestKit.scala:735)[0m[0m
[0m[[0minfo[0m] [0m[31m  at akka.persistence.journal.JournalSpec.writeMessages(JournalSpec.scala:82)[0m[0m
[0m[[0minfo[0m] [0m[31m  at akka.persistence.journal.JournalSpec.beforeEach(JournalSpec.scala:43)[0m[0m
[0m[[0minfo[0m] [0m[31m  at org.scalatest.BeforeAndAfterEach$class.beforeEach(BeforeAndAfterEach.scala:154)[0m[0m
[0m[[0minfo[0m] [0m[31m  at akka.persistence.PluginSpec.beforeEach(PluginSpec.scala:11)[0m[0m
[0m[[0minfo[0m] [0m[31m  at org.scalatest.BeforeAndAfterEach$class.beforeEach(BeforeAndAfterEach.scala:173)[0m[0m
[0m[[0minfo[0m] [0m[31m  at akka.persistence.PluginSpec.beforeEach(PluginSpec.scala:11)[0m[0m
[0m[[0minfo[0m] [0m[31m  at org.scalatest.BeforeAndAfterEach$class.runTest(BeforeAndAfterEach.scala:253)[0m[0m
[0m[[0minfo[0m] [0m[31m  at akka.persistence.PluginSpec.runTest(PluginSpec.scala:11)[0m[0m
[0m[[0minfo[0m] [0m[31m  at org.scalatest.WordSpecLike$$anonfun$runTests$1.apply(WordSpecLike.scala:1021)[0m[0m
[0m[[0minfo[0m] [0m[31m  at org.scalatest.WordSpecLike$$anonfun$runTests$1.apply(WordSpecLike.scala:1021)[0m[0m
[0m[[0minfo[0m] [0m[31m  at org.scalatest.SuperEngine$$anonfun$traverseSubNodes$1$1.apply(Engine.scala:413)[0m[0m
[0m[[0minfo[0m] [0m[31m  at org.scalatest.SuperEngine$$anonfun$traverseSubNodes$1$1.apply(Engine.scala:401)[0m[0m
[0m[[0minfo[0m] [0m[31m  at scala.collection.immutable.List.foreach(List.scala:381)[0m[0m
[0m[[0minfo[0m] [0m[31m  at org.scalatest.SuperEngine.traverseSubNodes$1(Engine.scala:401)[0m[0m
[0m[[0minfo[0m] [0m[31m  at org.scalatest.SuperEngine.org$scalatest$SuperEngine$$runTestsInBranch(Engine.scala:390)[0m[0m
[0m[[0minfo[0m] [0m[31m  at org.scalatest.SuperEngine$$anonfun$traverseSubNodes$1$1.apply(Engine.scala:427)[0m[0m
[0m[[0minfo[0m] [0m[31m  at org.scalatest.SuperEngine$$anonfun$traverseSubNodes$1$1.apply(Engine.scala:401)[0m[0m
[0m[[0minfo[0m] [0m[31m  at scala.collection.immutable.List.foreach(List.scala:381)[0m[0m
[0m[[0minfo[0m] [0m[31m  at org.scalatest.SuperEngine.traverseSubNodes$1(Engine.scala:401)[0m[0m
[0m[[0minfo[0m] [0m[31m  at org.scalatest.SuperEngine.org$scalatest$SuperEngine$$runTestsInBranch(Engine.scala:396)[0m[0m
[0m[[0minfo[0m] [0m[31m  at org.scalatest.SuperEngine.runTestsImpl(Engine.scala:483)[0m[0m
[0m[[0minfo[0m] [0m[31m  at org.scalatest.WordSpecLike$class.runTests(WordSpecLike.scala:1021)[0m[0m
[0m[[0minfo[0m] [0m[31m  at akka.persistence.PluginSpec.runTests(PluginSpec.scala:11)[0m[0m
[0m[[0minfo[0m] [0m[31m  at org.scalatest.Suite$class.run(Suite.scala:1424)[0m[0m
[0m[[0minfo[0m] [0m[31m  at akka.persistence.PluginSpec.org$scalatest$WordSpecLike$$super$run(PluginSpec.scala:11)[0m[0m
[0m[[0minfo[0m] [0m[31m  at org.scalatest.WordSpecLike$$anonfun$run$1.apply(WordSpecLike.scala:1067)[0m[0m
[0m[[0minfo[0m] [0m[31m  at org.scalatest.WordSpecLike$$anonfun$run$1.apply(WordSpecLike.scala:1067)[0m[0m
[0m[[0minfo[0m] [0m[31m  at org.scalatest.SuperEngine.runImpl(Engine.scala:545)[0m[0m
[0m[[0minfo[0m] [0m[31m  at org.scalatest.WordSpecLike$class.run(WordSpecLike.scala:1067)[0m[0m
[0m[[0minfo[0m] [0m[31m  at akka.persistence.PluginSpec.org$scalatest$BeforeAndAfterAll$$super$run(PluginSpec.scala:11)[0m[0m
[0m[[0minfo[0m] [0m[31m  at org.scalatest.BeforeAndAfterAll$class.liftedTree1$1(BeforeAndAfterAll.scala:257)[0m[0m
[0m[[0minfo[0m] [0m[31m  at org.scalatest.BeforeAndAfterAll$class.run(BeforeAndAfterAll.scala:256)[0m[0m
[0m[[0minfo[0m] [0m[31m  at akka.persistence.PluginSpec.run(PluginSpec.scala:11)[0m[0m
[0m[[0minfo[0m] [0m[31m  at org.scalatest.tools.Framework.org$scalatest$tools$Framework$$runSuite(Framework.scala:466)[0m[0m
[0m[[0minfo[0m] [0m[31m  at org.scalatest.tools.Framework$ScalaTestTask.execute(Framework.scala:677)[0m[0m
[0m[[0minfo[0m] [0m[31m  at sbt.TestRunner.runTest$1(TestFramework.scala:76)[0m[0m
[0m[[0minfo[0m] [0m[31m  at sbt.TestRunner.run(TestFramework.scala:85)[0m[0m
[0m[[0minfo[0m] [0m[31m  at sbt.TestFramework$$anon$2$$anonfun$$init$$1$$anonfun$apply$8.apply(TestFramework.scala:197)[0m[0m
[0m[[0minfo[0m] [0m[31m  at sbt.TestFramework$$anon$2$$anonfun$$init$$1$$anonfun$apply$8.apply(TestFramework.scala:197)[0m[0m
[0m[[0minfo[0m] [0m[31m  at sbt.TestFramework$.sbt$TestFramework$$withContextLoader(TestFramework.scala:185)[0m[0m
[0m[[0minfo[0m] [0m[31m  at sbt.TestFramework$$anon$2$$anonfun$$init$$1.apply(TestFramework.scala:197)[0m[0m
[0m[[0minfo[0m] [0m[31m  at sbt.TestFramework$$anon$2$$anonfun$$init$$1.apply(TestFramework.scala:197)[0m[0m
[0m[[0minfo[0m] [0m[31m  at sbt.TestFunction.apply(TestFramework.scala:202)[0m[0m
[0m[[0minfo[0m] [0m[31m  at sbt.Tests$.sbt$Tests$$processRunnable$1(Tests.scala:239)[0m[0m
[0m[[0minfo[0m] [0m[31m  at sbt.Tests$$anonfun$makeSerial$1.apply(Tests.scala:245)[0m[0m
[0m[[0minfo[0m] [0m[31m  at sbt.Tests$$anonfun$makeSerial$1.apply(Tests.scala:245)[0m[0m
[0m[[0minfo[0m] [0m[31m  at sbt.std.Transform$$anon$3$$anonfun$apply$2.apply(System.scala:44)[0m[0m
[0m[[0minfo[0m] [0m[31m  at sbt.std.Transform$$anon$3$$anonfun$apply$2.apply(System.scala:44)[0m[0m
[0m[[0minfo[0m] [0m[31m  at sbt.std.Transform$$anon$4.work(System.scala:63)[0m[0m
[0m[[0minfo[0m] [0m[31m  at sbt.Execute$$anonfun$submit$1$$anonfun$apply$1.apply(Execute.scala:226)[0m[0m
[0m[[0minfo[0m] [0m[31m  at sbt.Execute$$anonfun$submit$1$$anonfun$apply$1.apply(Execute.scala:226)[0m[0m
[0m[[0minfo[0m] [0m[31m  at sbt.ErrorHandling$.wideConvert(ErrorHandling.scala:17)[0m[0m
[0m[[0minfo[0m] [0m[31m  at sbt.Execute.work(Execute.scala:235)[0m[0m
[0m[[0minfo[0m] [0m[31m  at sbt.Execute$$anonfun$submit$1.apply(Execute.scala:226)[0m[0m
[0m[[0minfo[0m] [0m[31m  at sbt.Execute$$anonfun$submit$1.apply(Execute.scala:226)[0m[0m
[0m[[0minfo[0m] [0m[31m  at sbt.ConcurrentRestrictions$$anon$4$$anonfun$1.apply(ConcurrentRestrictions.scala:159)[0m[0m
[0m[[0minfo[0m] [0m[31m  at sbt.CompletionService$$anon$2.call(CompletionService.scala:28)[0m[0m
[0m[[0minfo[0m] [0m[31m  at java.util.concurrent.FutureTask.run(FutureTask.java:266)[0m[0m
[0m[[0minfo[0m] [0m[31m  at java.util.concurrent.Executors$RunnableAdapter.call(Executors.java:511)[0m[0m
[0m[[0minfo[0m] [0m[31m  at java.util.concurrent.FutureTask.run(FutureTask.java:266)[0m[0m
[0m[[0minfo[0m] [0m[31m  at java.util.concurrent.ThreadPoolExecutor.runWorker(ThreadPoolExecutor.java:1142)[0m[0m
[0m[[0minfo[0m] [0m[31m  at java.util.concurrent.ThreadPoolExecutor$Worker.run(ThreadPoolExecutor.java:617)[0m[0m
[0m[[0minfo[0m] [0m[31m  at java.lang.Thread.run(Thread.java:745)[0m[0m
